<?xml version="1.0" encoding="UTF-8"?>
<!-- Generated by org.testng.reporters.JUnitXMLReporter -->
<testsuite ignored="0" hostname="DESKTOP-MR812K6" failures="0" tests="1" name="Test" time="0.141" errors="0" timestamp="2025-04-15T06:56:58 IST">
  <testcase classname="testBase.Baseclass" name="@BeforeClass setup" time="-1.744680418632E9">
    <failure type="org.testng.TestNGException" message="
Parameter &amp;apos;os&amp;apos; is required by BeforeClass on method setup but has not been marked @Optional or defined
in C:\Users\hp\eclipse-workspace\opencart\master.xml">
      <![CDATA[org.testng.TestNGException: 
Parameter 'os' is required by BeforeClass on method setup but has not been marked @Optional or defined
in C:\Users\hp\eclipse-workspace\opencart\master.xml
at java.base/java.util.ArrayList.forEach(ArrayList.java:1597)
... Removed 22 stack frames]]>
    </failure>
  </testcase> <!-- @BeforeClass setup -->
  <testcase classname="testBase.Baseclass" name="@AfterClass teardown" time="0.0">
    <skipped/>
  </testcase> <!-- @AfterClass teardown -->
  <testcase classname="testcases.TC_001accountregister" name="verifyaccountpage" time="0.0">
    <skipped/>
  </testcase> <!-- verifyaccountpage -->
</testsuite> <!-- Test -->
